# JRE version: OpenJDK Runtime Environment (17.0.6) (build 17.0.6+0-b2043.56-9586694)
# Java VM: OpenJDK 64-Bit Server VM (17.0.6+0-b2043.56-9586694, mixed mode, tiered, compressed oops, compressed class ptrs, g1 gc, windows-amd64)
GC Precious Log:
 CPUs: 4 total, 4 available
 Memory: 7987M
 Large Page Support: Disabled
 NUMA Support: Disabled
 Compressed Oops: Enabled (32-bit)
 Heap Region Size: 1M
 Heap Min Capacity: 8M
 Heap Initial Capacity: 126M
 Heap Max Capacity: 2G
 Pre-touch: Disabled
 Parallel Workers: 4
 Concurrent Workers: 1
 Concurrent Refinement Workers: 4
 Periodic GC: Disabled
Heap:
 garbage-first heap   total 470016K, used 410604K [0x0000000080000000, 0x0000000100000000)
  region size 1024K, 154 young (157696K), 8 survivors (8192K)
 Metaspace       used 130967K, committed 131840K, reserved 1171456K
  class space    used 17296K, committed 17728K, reserved 1048576K
GC Heap History (20 events):
Event: 3183.843 GC heap before
{Heap before GC invocations=61 (full 0):
 garbage-first heap   total 307200K, used 249074K [0x0000000080000000, 0x0000000100000000)
  region size 1024K, 64 young (65536K), 9 survivors (9216K)
 Metaspace       used 112000K, committed 113024K, reserved 1146880K
  class space    used 14868K, committed 15360K, reserved 1048576K
}
Event: 3183.868 GC heap after
{Heap after GC invocations=62 (full 0):
 garbage-first heap   total 307200K, used 205160K [0x0000000080000000, 0x0000000100000000)
  region size 1024K, 9 young (9216K), 9 survivors (9216K)
 Metaspace       used 112000K, committed 113024K, reserved 1146880K
  class space    used 14868K, committed 15360K, reserved 1048576K
}
Event: 3191.096 GC heap before
{Heap before GC invocations=63 (full 0):
 garbage-first heap   total 353280K, used 262504K [0x0000000080000000, 0x0000000100000000)
  region size 1024K, 55 young (56320K), 9 survivors (9216K)
 Metaspace       used 111996K, committed 113088K, reserved 1146880K
  class space    used 14789K, committed 15360K, reserved 1048576K
}
Event: 3191.134 GC heap after
{Heap after GC invocations=64 (full 0):
 garbage-first heap   total 353280K, used 222208K [0x0000000080000000, 0x0000000100000000)
  region size 1024K, 7 young (7168K), 7 survivors (7168K)
 Metaspace       used 111996K, committed 113088K, reserved 1146880K
  class space    used 14789K, committed 15360K, reserved 1048576K
}
Event: 3191.708 GC heap before
{Heap before GC invocations=64 (full 0):
 garbage-first heap   total 353280K, used 231424K [0x0000000080000000, 0x0000000100000000)
  region size 1024K, 17 young (17408K), 7 survivors (7168K)
 Metaspace       used 112054K, committed 113088K, reserved 1146880K
  class space    used 14795K, committed 15360K, reserved 1048576K
}
Event: 3191.725 GC heap after
{Heap after GC invocations=65 (full 0):
 garbage-first heap   total 353280K, used 219501K [0x0000000080000000, 0x0000000100000000)
  region size 1024K, 2 young (2048K), 2 survivors (2048K)
 Metaspace       used 112054K, committed 113088K, reserved 1146880K
  class space    used 14795K, committed 15360K, reserved 1048576K
}
Event: 3191.965 GC heap before
{Heap before GC invocations=65 (full 0):
 garbage-first heap   total 353280K, used 225645K [0x0000000080000000, 0x0000000100000000)
  region size 1024K, 9 young (9216K), 2 survivors (2048K)
 Metaspace       used 112078K, committed 113088K, reserved 1146880K
  class space    used 14798K, committed 15360K, reserved 1048576K
}
Event: 3191.974 GC heap after
{Heap after GC invocations=66 (full 0):
 garbage-first heap   total 353280K, used 223333K [0x0000000080000000, 0x0000000100000000)
  region size 1024K, 6 young (6144K), 6 survivors (6144K)
 Metaspace       used 112078K, committed 113088K, reserved 1146880K
  class space    used 14798K, committed 15360K, reserved 1048576K
}
Event: 3193.623 GC heap before
{Heap before GC invocations=67 (full 0):
 garbage-first heap   total 401408K, used 296037K [0x0000000080000000, 0x0000000100000000)
  region size 1024K, 64 young (65536K), 6 survivors (6144K)
 Metaspace       used 115462K, committed 116288K, reserved 1155072K
  class space    used 15087K, committed 15488K, reserved 1048576K
}
Event: 3193.635 GC heap after
{Heap after GC invocations=68 (full 0):
 garbage-first heap   total 401408K, used 226066K [0x0000000080000000, 0x0000000100000000)
  region size 1024K, 8 young (8192K), 8 survivors (8192K)
 Metaspace       used 115462K, committed 116288K, reserved 1155072K
  class space    used 15087K, committed 15488K, reserved 1048576K
}
Event: 3193.768 GC heap before
{Heap before GC invocations=68 (full 0):
 garbage-first heap   total 401408K, used 237330K [0x0000000080000000, 0x0000000100000000)
  region size 1024K, 19 young (19456K), 8 survivors (8192K)
 Metaspace       used 115586K, committed 116416K, reserved 1155072K
  class space    used 15096K, committed 15488K, reserved 1048576K
}
Event: 3193.782 GC heap after
{Heap after GC invocations=69 (full 0):
 garbage-first heap   total 401408K, used 224937K [0x0000000080000000, 0x0000000100000000)
  region size 1024K, 3 young (3072K), 3 survivors (3072K)
 Metaspace       used 115586K, committed 116416K, reserved 1155072K
  class space    used 15096K, committed 15488K, reserved 1048576K
}
Event: 3199.736 GC heap before
{Heap before GC invocations=69 (full 0):
 garbage-first heap   total 401408K, used 315049K [0x0000000080000000, 0x0000000100000000)
  region size 1024K, 92 young (94208K), 3 survivors (3072K)
 Metaspace       used 118776K, committed 119552K, reserved 1155072K
  class space    used 15489K, committed 15872K, reserved 1048576K
}
Event: 3199.743 GC heap after
{Heap after GC invocations=70 (full 0):
 garbage-first heap   total 401408K, used 225585K [0x0000000080000000, 0x0000000100000000)
  region size 1024K, 3 young (3072K), 3 survivors (3072K)
 Metaspace       used 118776K, committed 119552K, reserved 1155072K
  class space    used 15489K, committed 15872K, reserved 1048576K
}
Event: 3205.577 GC heap before
{Heap before GC invocations=71 (full 0):
 garbage-first heap   total 401408K, used 331057K [0x0000000080000000, 0x0000000100000000)
  region size 1024K, 106 young (108544K), 3 survivors (3072K)
 Metaspace       used 123778K, committed 124608K, reserved 1163264K
  class space    used 16149K, committed 16512K, reserved 1048576K
}
Event: 3205.616 GC heap after
{Heap after GC invocations=72 (full 0):
 garbage-first heap   total 401408K, used 236739K [0x0000000080000000, 0x0000000100000000)
  region size 1024K, 13 young (13312K), 13 survivors (13312K)
 Metaspace       used 123778K, committed 124608K, reserved 1163264K
  class space    used 16149K, committed 16512K, reserved 1048576K
}
Event: 3206.008 GC heap before
{Heap before GC invocations=72 (full 0):
 garbage-first heap   total 401408K, used 242883K [0x0000000080000000, 0x0000000100000000)
  region size 1024K, 19 young (19456K), 13 survivors (13312K)
 Metaspace       used 123944K, committed 124800K, reserved 1163264K
  class space    used 16171K, committed 16576K, reserved 1048576K
}
Event: 3206.110 GC heap after
{Heap after GC invocations=73 (full 0):
 garbage-first heap   total 401408K, used 225788K [0x0000000080000000, 0x0000000100000000)
  region size 1024K, 3 young (3072K), 3 survivors (3072K)
 Metaspace       used 123944K, committed 124800K, reserved 1163264K
  class space    used 16171K, committed 16576K, reserved 1048576K
}
Event: 3210.219 GC heap before
{Heap before GC invocations=73 (full 0):
 garbage-first heap   total 401408K, used 300540K [0x0000000080000000, 0x0000000100000000)
  region size 1024K, 78 young (79872K), 3 survivors (3072K)
 Metaspace       used 126868K, committed 127680K, reserved 1163264K
  class space    used 16585K, committed 16960K, reserved 1048576K
}
Event: 3210.263 GC heap after
{Heap after GC invocations=74 (full 0):
 garbage-first heap   total 470016K, used 230380K [0x0000000080000000, 0x0000000100000000)
  region size 1024K, 8 young (8192K), 8 survivors (8192K)
 Metaspace       used 126868K, committed 127680K, reserved 1163264K
  class space    used 16585K, committed 16960K, reserved 1048576K
}

